f:\program\chaoticimageencryption\chaoticimageencryption\debug\vc120.pdb
h:\program\chaoticimageencryption\chaoticimageencryption\debug\chaoticimageencryption.pch
h:\program\chaoticimageencryption\chaoticimageencryption\debug\vc140.pdb
h:\program\chaoticimageencryption\chaoticimageencryption\debug\vc140.idb
h:\program\chaoticimageencryption\chaoticimageencryption\debug\stdafx.obj
h:\program\chaoticimageencryption\chaoticimageencryption\debug\logistictent.obj
h:\program\chaoticimageencryption\chaoticimageencryption\debug\ocml.obj
h:\program\chaoticimageencryption\chaoticimageencryption\debug\peter.obj
h:\program\chaoticimageencryption\chaoticimageencryption\debug\pwlcm.obj
h:\program\chaoticimageencryption\chaoticimageencryption\debug\reshapekent.obj
h:\program\chaoticimageencryption\chaoticimageencryption\debug\sine.obj
h:\program\chaoticimageencryption\chaoticimageencryption\debug\slmm.obj
h:\program\chaoticimageencryption\chaoticimageencryption\debug\superchen.obj
h:\program\chaoticimageencryption\chaoticimageencryption\debug\tentsine.obj
h:\program\chaoticimageencryption\chaoticimageencryption\debug\dlgdisplay.obj
h:\program\chaoticimageencryption\chaoticimageencryption\debug\encryptalgorithm.obj
h:\program\chaoticimageencryption\chaoticimageencryption\debug\lqgraduate.obj
h:\program\chaoticimageencryption\chaoticimageencryption\debug\testalgorithm.obj
h:\program\chaoticimageencryption\chaoticimageencryption\debug\wangxualgorithm.obj
h:\program\chaoticimageencryption\chaoticimageencryption\debug\yangliualgorithm.obj
h:\program\chaoticimageencryption\chaoticimageencryption\debug\image.obj
h:\program\chaoticimageencryption\chaoticimageencryption\debug\labelimage.obj
h:\program\chaoticimageencryption\chaoticimageencryption\debug\mainfrm.obj
h:\program\chaoticimageencryption\chaoticimageencryption\debug\math.obj
h:\program\chaoticimageencryption\chaoticimageencryption\debug\randomperformance.obj
h:\program\chaoticimageencryption\chaoticimageencryption\debug\chaoticimageencryption.obj
h:\program\chaoticimageencryption\chaoticimageencryption\debug\chaoticimageencryptiondoc.obj
h:\program\chaoticimageencryption\chaoticimageencryption\debug\chaoticimageencryptionview.obj
h:\program\chaoticimageencryption\chaoticimageencryption\debug\chaotic.obj
h:\program\chaoticimageencryption\chaoticimageencryption\debug\henon.obj
h:\program\chaoticimageencryption\chaoticimageencryption\debug\kent.obj
h:\program\chaoticimageencryption\chaoticimageencryption\debug\logistic.obj
h:\program\chaoticimageencryption\chaoticimageencryption\debug\logistic2d.obj
h:\program\chaoticimageencryption\chaoticimageencryption\debug\logisticsine.obj
f:\program\chaoticimageencryption\debug\chaoticimageencryption.ilk
f:\program\chaoticimageencryption\debug\chaoticimageencryption.exe
f:\program\chaoticimageencryption\debug\chaoticimageencryption.pdb
h:\program\chaoticimageencryption\debug\chaoticimageencryption.ilk
h:\program\chaoticimageencryption\debug\chaoticimageencryption.exe
h:\program\chaoticimageencryption\debug\chaoticimageencryption.pdb
h:\program\chaoticimageencryption\chaoticimageencryption\debug\chaoticimageencryption.res
h:\program\chaoticimageencryption\chaoticimageencryption\debug\vc120.idb
h:\program\chaoticimageencryption\chaoticimageencryption\debug\vc120.pdb
h:\program\chaoticimageencryption\chaoticimageencryption\debug\chaotici.e60cd234.tlog\cl.command.1.tlog
h:\program\chaoticimageencryption\chaoticimageencryption\debug\chaotici.e60cd234.tlog\cl.read.1.tlog
h:\program\chaoticimageencryption\chaoticimageencryption\debug\chaotici.e60cd234.tlog\cl.write.1.tlog
h:\program\chaoticimageencryption\chaoticimageencryption\debug\chaotici.e60cd234.tlog\link.command.1.tlog
h:\program\chaoticimageencryption\chaoticimageencryption\debug\chaotici.e60cd234.tlog\link.read.1.tlog
h:\program\chaoticimageencryption\chaoticimageencryption\debug\chaotici.e60cd234.tlog\link.write.1.tlog
h:\program\chaoticimageencryption\chaoticimageencryption\debug\chaotici.e60cd234.tlog\rc.command.1.tlog
h:\program\chaoticimageencryption\chaoticimageencryption\debug\chaotici.e60cd234.tlog\rc.read.1.tlog
h:\program\chaoticimageencryption\chaoticimageencryption\debug\chaotici.e60cd234.tlog\rc.write.1.tlog
