  stdafx.cpp
  ChaoticImageEncryption.cpp
  ChaoticImageEncryptionDoc.cpp
  ChaoticImageEncryptionView.cpp
ChaoticImageEncryptionView.cpp(214): warning C4018: “<”: 有符号/无符号不匹配
ChaoticImageEncryptionView.cpp(279): warning C4018: “<”: 有符号/无符号不匹配
ChaoticImageEncryptionView.cpp(313): warning C4018: “<”: 有符号/无符号不匹配
ChaoticImageEncryptionView.cpp(326): warning C4018: “<”: 有符号/无符号不匹配
ChaoticImageEncryptionView.cpp(368): warning C4018: “>=”: 有符号/无符号不匹配
ChaoticImageEncryptionView.cpp(375): warning C4018: “<”: 有符号/无符号不匹配
ChaoticImageEncryptionView.cpp(375): warning C4018: “>=”: 有符号/无符号不匹配
ChaoticImageEncryptionView.cpp(381): warning C4018: “>”: 有符号/无符号不匹配
ChaoticImageEncryptionView.cpp(381): warning C4018: “<”: 有符号/无符号不匹配
ChaoticImageEncryptionView.cpp(485): warning C4244: “=”: 从“double”转换到“int”，可能丢失数据
  Chaotic.cpp
  Henon.cpp
  Kent.cpp
  Logistic.cpp
  Logistic2D.cpp
  LogisticSine.cpp
  LogisticTent.cpp
  OCML.cpp
  Peter.cpp
  PWLCM.cpp
  ReShapeKent.cpp
  Sine.cpp
  SLMM.cpp
  SuperChen.cpp
  TentSine.cpp
  DlgDisplay.cpp
  EncryptAlgorithm.cpp
  正在编译...
  LqGraduate.cpp
h:\program\chaoticimageencryption\chaoticimageencryption\encryptalgorithm\..\Image\Image.h(299): warning C4091: “static ”: 没有声明变量时忽略“”的左侧
EncryptAlgorithm\LqGraduate.cpp(31): warning C4244: “参数”: 从“double”转换到“std::size_t”，可能丢失数据
EncryptAlgorithm\LqGraduate.cpp(39): warning C4244: “参数”: 从“double”转换到“std::size_t”，可能丢失数据
EncryptAlgorithm\LqGraduate.cpp(49): warning C4244: “参数”: 从“double”转换到“std::size_t”，可能丢失数据
EncryptAlgorithm\LqGraduate.cpp(56): warning C4244: “初始化”: 从“double”转换到“std::size_t”，可能丢失数据
EncryptAlgorithm\LqGraduate.cpp(99): warning C4244: “初始化”: 从“double”转换到“std::size_t”，可能丢失数据
EncryptAlgorithm\LqGraduate.cpp(106): warning C4244: “参数”: 从“double”转换到“unsigned int”，可能丢失数据
EncryptAlgorithm\LqGraduate.cpp(118): warning C4244: “参数”: 从“double”转换到“unsigned int”，可能丢失数据
EncryptAlgorithm\LqGraduate.cpp(136): warning C4267: “参数”: 从“size_t”转换到“BYTE”，可能丢失数据
  testAlgorithm.cpp
h:\program\chaoticimageencryption\chaoticimageencryption\encryptalgorithm\..\Image\Image.h(299): warning C4091: “static ”: 没有声明变量时忽略“”的左侧
EncryptAlgorithm\testAlgorithm.cpp(49): warning C4267: “参数”: 从“size_t”转换到“BYTE”，可能丢失数据
EncryptAlgorithm\testAlgorithm.cpp(84): warning C4267: “参数”: 从“size_t”转换到“BYTE”，可能丢失数据
  WangXuAlgorithm.cpp
h:\program\chaoticimageencryption\chaoticimageencryption\encryptalgorithm\..\Image\Image.h(299): warning C4091: “static ”: 没有声明变量时忽略“”的左侧
EncryptAlgorithm\WangXuAlgorithm.cpp(125): warning C4267: “参数”: 从“size_t”转换到“BYTE”，可能丢失数据
EncryptAlgorithm\WangXuAlgorithm.cpp(140): warning C4267: “参数”: 从“size_t”转换到“BYTE”，可能丢失数据
EncryptAlgorithm\WangXuAlgorithm.cpp(247): warning C4267: “参数”: 从“size_t”转换到“BYTE”，可能丢失数据
  YangLiuAlgorithm.cpp
h:\program\chaoticimageencryption\chaoticimageencryption\encryptalgorithm\..\Image\Image.h(299): warning C4091: “static ”: 没有声明变量时忽略“”的左侧
EncryptAlgorithm\YangLiuAlgorithm.cpp(67): warning C4244: “参数”: 从“double”转换到“std::size_t”，可能丢失数据
EncryptAlgorithm\YangLiuAlgorithm.cpp(74): warning C4244: “参数”: 从“double”转换到“std::size_t”，可能丢失数据
EncryptAlgorithm\YangLiuAlgorithm.cpp(97): warning C4244: “参数”: 从“double”转换到“std::size_t”，可能丢失数据
EncryptAlgorithm\YangLiuAlgorithm.cpp(102): warning C4244: “参数”: 从“double”转换到“std::size_t”，可能丢失数据
EncryptAlgorithm\YangLiuAlgorithm.cpp(105): warning C4244: “参数”: 从“double”转换到“std::size_t”，可能丢失数据
EncryptAlgorithm\YangLiuAlgorithm.cpp(106): warning C4244: “参数”: 从“double”转换到“std::size_t”，可能丢失数据
EncryptAlgorithm\YangLiuAlgorithm.cpp(152): warning C4267: “=”: 从“size_t”转换到“unsigned char”，可能丢失数据
EncryptAlgorithm\YangLiuAlgorithm.cpp(155): warning C4267: “=”: 从“size_t”转换到“unsigned char”，可能丢失数据
EncryptAlgorithm\YangLiuAlgorithm.cpp(169): warning C4267: “参数”: 从“size_t”转换到“BYTE”，可能丢失数据
EncryptAlgorithm\YangLiuAlgorithm.cpp(225): warning C4244: “参数”: 从“double”转换到“std::size_t”，可能丢失数据
EncryptAlgorithm\YangLiuAlgorithm.cpp(232): warning C4244: “参数”: 从“double”转换到“std::size_t”，可能丢失数据
EncryptAlgorithm\YangLiuAlgorithm.cpp(255): warning C4244: “参数”: 从“double”转换到“std::size_t”，可能丢失数据
EncryptAlgorithm\YangLiuAlgorithm.cpp(259): warning C4244: “参数”: 从“double”转换到“std::size_t”，可能丢失数据
EncryptAlgorithm\YangLiuAlgorithm.cpp(317): warning C4267: “=”: 从“size_t”转换到“unsigned char”，可能丢失数据
EncryptAlgorithm\YangLiuAlgorithm.cpp(331): warning C4267: “参数”: 从“size_t”转换到“BYTE”，可能丢失数据
EncryptAlgorithm\YangLiuAlgorithm.cpp(337): warning C4244: “参数”: 从“double”转换到“std::size_t”，可能丢失数据
EncryptAlgorithm\YangLiuAlgorithm.cpp(340): warning C4244: “参数”: 从“double”转换到“std::size_t”，可能丢失数据
EncryptAlgorithm\YangLiuAlgorithm.cpp(367): warning C4244: “初始化”: 从“double”转换到“std::size_t”，可能丢失数据
EncryptAlgorithm\YangLiuAlgorithm.cpp(368): warning C4244: “初始化”: 从“double”转换到“std::size_t”，可能丢失数据
  Image.cpp
h:\program\chaoticimageencryption\chaoticimageencryption\image\Image.h(299): warning C4091: “static ”: 没有声明变量时忽略“”的左侧
Image\Image.cpp(81): warning C4267: “=”: 从“size_t”转换到“BYTE”，可能丢失数据
Image\Image.cpp(514): warning C4267: “=”: 从“size_t”转换到“unsigned char”，可能丢失数据
  LabelImage.cpp
  MainFrm.cpp
h:\program\chaoticimageencryption\chaoticimageencryption\Image\Image.h(299): warning C4091: “static ”: 没有声明变量时忽略“”的左侧
MainFrm.cpp(198): warning C4101: “bNameValid”: 未引用的局部变量
MainFrm.cpp(506): warning C4267: “参数”: 从“size_t”转换到“unsigned char”，可能丢失数据
MainFrm.cpp(507): warning C4267: “参数”: 从“size_t”转换到“unsigned char”，可能丢失数据
MainFrm.cpp(513): warning C4244: “参数”: 从“double”转换到“int”，可能丢失数据
MainFrm.cpp(520): warning C4267: “参数”: 从“size_t”转换到“BYTE”，可能丢失数据
MainFrm.cpp(528): warning C4267: “参数”: 从“size_t”转换到“BYTE”，可能丢失数据
  math.cpp
  RandomPerformance.cpp
h:\program\chaoticimageencryption\chaoticimageencryption\performanceanalysis\..\Image\Image.h(299): warning C4091: “static ”: 没有声明变量时忽略“”的左侧
PerformanceAnalysis\RandomPerformance.cpp(182): warning C4267: “参数”: 从“size_t”转换到“const unsigned char”，可能丢失数据
PerformanceAnalysis\RandomPerformance.cpp(184): warning C4267: “参数”: 从“size_t”转换到“const unsigned char”，可能丢失数据
PerformanceAnalysis\RandomPerformance.cpp(216): warning C4267: “参数”: 从“size_t”转换到“BYTE”，可能丢失数据
PerformanceAnalysis\RandomPerformance.cpp(234): warning C4267: “参数”: 从“size_t”转换到“const unsigned char”，可能丢失数据
PerformanceAnalysis\RandomPerformance.cpp(236): warning C4267: “参数”: 从“size_t”转换到“const unsigned char”，可能丢失数据
PerformanceAnalysis\RandomPerformance.cpp(274): warning C4267: “参数”: 从“size_t”转换到“unsigned char”，可能丢失数据
PerformanceAnalysis\RandomPerformance.cpp(283): warning C4267: “参数”: 从“size_t”转换到“unsigned char”，可能丢失数据
PerformanceAnalysis\RandomPerformance.cpp(288): warning C4267: “参数”: 从“size_t”转换到“BYTE”，可能丢失数据
PerformanceAnalysis\RandomPerformance.cpp(325): warning C4018: “>”: 有符号/无符号不匹配
PerformanceAnalysis\RandomPerformance.cpp(332): warning C4018: “<”: 有符号/无符号不匹配
PerformanceAnalysis\RandomPerformance.cpp(347): warning C4244: “初始化”: 从“double”转换到“int”，可能丢失数据
PerformanceAnalysis\RandomPerformance.cpp(373): warning C4244: “初始化”: 从“double”转换到“int”，可能丢失数据
PerformanceAnalysis\RandomPerformance.cpp(395): warning C4267: “参数”: 从“size_t”转换到“BYTE”，可能丢失数据
  
ChaoticImageEncryption.rc(76): error RC2135: file not found: F:\Program\ChaoticImageEncryption\ChaoticImageEncryption\res\ChaoticImageEncryptionDoc.ico
  
