f:\program\chaoticimageencryption\chaoticimageencryption\release\chaoticimageencryption.pch
f:\program\chaoticimageencryption\chaoticimageencryption\release\vc120.pdb
f:\program\chaoticimageencryption\chaoticimageencryption\release\stdafx.obj
f:\program\chaoticimageencryption\chaoticimageencryption\release\yangliualgorithm.obj
f:\program\chaoticimageencryption\chaoticimageencryption\release\testalgorithm.obj
f:\program\chaoticimageencryption\chaoticimageencryption\release\encryptalgorithm.obj
f:\program\chaoticimageencryption\chaoticimageencryption\release\tentsine.obj
f:\program\chaoticimageencryption\chaoticimageencryption\release\superchen.obj
f:\program\chaoticimageencryption\chaoticimageencryption\release\slmm.obj
f:\program\chaoticimageencryption\chaoticimageencryption\release\sine.obj
f:\program\chaoticimageencryption\chaoticimageencryption\release\reshapekent.obj
f:\program\chaoticimageencryption\chaoticimageencryption\release\peter.obj
f:\program\chaoticimageencryption\chaoticimageencryption\release\ocml.obj
f:\program\chaoticimageencryption\chaoticimageencryption\release\logistictent.obj
f:\program\chaoticimageencryption\chaoticimageencryption\release\logisticsine.obj
f:\program\chaoticimageencryption\chaoticimageencryption\release\logistic2d.obj
f:\program\chaoticimageencryption\chaoticimageencryption\release\logistic.obj
f:\program\chaoticimageencryption\chaoticimageencryption\release\kent.obj
f:\program\chaoticimageencryption\chaoticimageencryption\release\henon.obj
f:\program\chaoticimageencryption\chaoticimageencryption\release\chaotic.obj
f:\program\chaoticimageencryption\chaoticimageencryption\release\chaoticimageencryptionview.obj
f:\program\chaoticimageencryption\chaoticimageencryption\release\chaoticimageencryptiondoc.obj
f:\program\chaoticimageencryption\chaoticimageencryption\release\chaoticimageencryption.obj
f:\program\chaoticimageencryption\chaoticimageencryption\release\randomperformance.obj
f:\program\chaoticimageencryption\chaoticimageencryption\release\math.obj
f:\program\chaoticimageencryption\chaoticimageencryption\release\mainfrm.obj
f:\program\chaoticimageencryption\chaoticimageencryption\release\image.obj
f:\program\chaoticimageencryption\chaoticimageencryption\release\wangxualgorithm.obj
f:\program\chaoticimageencryption\chaoticimageencryption\release\lqgraduate.obj
f:\program\chaoticimageencryption\chaoticimageencryption\release\pwlcm.obj
f:\program\chaoticimageencryption\chaoticimageencryption\release\labelimage.obj
f:\program\chaoticimageencryption\release\chaoticimageencryption.exe
f:\program\chaoticimageencryption\release\chaoticimageencryption.pdb
f:\program\chaoticimageencryption\chaoticimageencryption\release\chaoticimageencryption.res
f:\program\chaoticimageencryption\chaoticimageencryption\release\chaotici.e60cd234.tlog\cl.command.1.tlog
f:\program\chaoticimageencryption\chaoticimageencryption\release\chaotici.e60cd234.tlog\cl.read.1.tlog
f:\program\chaoticimageencryption\chaoticimageencryption\release\chaotici.e60cd234.tlog\cl.write.1.tlog
f:\program\chaoticimageencryption\chaoticimageencryption\release\chaotici.e60cd234.tlog\link.command.1.tlog
f:\program\chaoticimageencryption\chaoticimageencryption\release\chaotici.e60cd234.tlog\link.read.1.tlog
f:\program\chaoticimageencryption\chaoticimageencryption\release\chaotici.e60cd234.tlog\link.write.1.tlog
f:\program\chaoticimageencryption\chaoticimageencryption\release\chaotici.e60cd234.tlog\rc.command.1.tlog
f:\program\chaoticimageencryption\chaoticimageencryption\release\chaotici.e60cd234.tlog\rc.read.1.tlog
f:\program\chaoticimageencryption\chaoticimageencryption\release\chaotici.e60cd234.tlog\rc.write.1.tlog
